---------------
script:    generate.sh
arguments: gcc5 
directory: /home/ubuntu/armodule/alvar-2.0.0-src/build
---------------
[2018/10/30-07:09:19] creating build directory
[2018/10/30-07:09:19] generating build environment
-- The C compiler identification is GNU 5.4.0
-- The CXX compiler identification is GNU 5.4.0
-- Check for working C compiler: /usr/bin/gcc-5
-- Check for working C compiler: /usr/bin/gcc-5 -- works
-- Detecting C compiler ABI info
-- Detecting C compiler ABI info - done
-- Detecting C compile features
-- Detecting C compile features - done
-- Check for working CXX compiler: /usr/bin/g++-5
-- Check for working CXX compiler: /usr/bin/g++-5 -- works
-- Detecting CXX compiler ABI info
-- Detecting CXX compiler ABI info - done
-- Detecting CXX compile features
-- Detecting CXX compile features - done
-- Could NOT find OpenCV (missing:  OpenCV_LIBRARIES_RELEASE OpenCV_LIBRARIES_DEBUG OpenCV_LIBRARIES) 
-- Found OpenGL: /usr/lib/x86_64-linux-gnu/libGL.so  
-- Found OpenGL
-- Found GLUT: /usr/lib/x86_64-linux-gnu/libglut.so  
-- Found GLUT: 
-- Found osgViewer: /usr/lib/x86_64-linux-gnu/libosgViewer.so  
-- Found osgGA: /usr/lib/x86_64-linux-gnu/libosgGA.so  
-- Found osgDB: /usr/lib/x86_64-linux-gnu/libosgDB.so  
-- Found osgUtil: /usr/lib/x86_64-linux-gnu/libosgUtil.so  
-- Found osgText: /usr/lib/x86_64-linux-gnu/libosgText.so  
-- Found osg: /usr/lib/x86_64-linux-gnu/libosg.so  
-- Found OpenThreads: /usr/lib/x86_64-linux-gnu/libOpenThreads.so  
-- Found OpenSceneGraph: /usr/lib/x86_64-linux-gnu/libosgViewer.so;/usr/lib/x86_64-linux-gnu/libosgGA.so;/usr/lib/x86_64-linux-gnu/libosgDB.so;/usr/lib/x86_64-linux-gnu/libosgUtil.so;/usr/lib/x86_64-linux-gnu/libosgText.so;/usr/lib/x86_64-linux-gnu/libosg.so;/usr/lib/x86_64-linux-gnu/libOpenThreads.so (found version "3.2.1") 
-- Could NOT find CMU (missing:  CMU_ROOT_DIR CMU_LIBRARIES_RELEASE CMU_LIBRARIES_DEBUG CMU_LIBRARIES) 
-- Could NOT find CxxTest (missing:  CxxTest_ROOT_DIR CxxTest_INCLUDE_DIRS CxxTest_PERL_EXECUTABLE CxxTest_PYTHON_EXECUTABLE) 
-- Found Perl: /usr/bin/perl (found version "5.22.1") 
--   Tests will not run!
-- Found Doxygen: /usr/bin/doxygen (found version "1.8.11") 
-- Configuring done
-- Generating done
-- Build files have been written to: /home/ubuntu/armodule/alvar-2.0.0-src/build/build_gcc5_release
